0 info it worked if it ends with ok
1 verbose cli [ 'C:\\Program Files\\nodejs\\node.exe',
1 verbose cli   'C:\\Users\\Camilo\\AppData\\Roaming\\npm\\node_modules\\npm\\bin\\npm-cli.js',
1 verbose cli   'run',
1 verbose cli   'build' ]
2 info using npm@3.10.8
3 info using node@v4.6.0
4 verbose run-script [ 'prebuild', 'build', 'postbuild' ]
5 info lifecycle KMTV@0.1.0~prebuild: KMTV@0.1.0
6 silly lifecycle KMTV@0.1.0~prebuild: no script for prebuild, continuing
7 info lifecycle KMTV@0.1.0~build: KMTV@0.1.0
8 verbose lifecycle KMTV@0.1.0~build: unsafe-perm in lifecycle true
9 verbose lifecycle KMTV@0.1.0~build: PATH: C:\Users\Camilo\AppData\Roaming\npm\node_modules\npm\bin\node-gyp-bin;D:\Camilo\Git\myFullStack\jquery\node_modules\.bin;C:\Users\Camilo\bin;C:\Program Files\Git\mingw64\bin;C:\Program Files\Git\usr\local\bin;C:\Program Files\Git\usr\bin;C:\Program Files\Git\usr\bin;C:\Program Files\Git\mingw64\bin;C:\Program Files\Git\usr\bin;C:\Users\Camilo\bin;C:\WINDOWS\system32;C:\WINDOWS;C:\WINDOWS\System32\Wbem;C:\WINDOWS\System32\WindowsPowerShell\v1.0;C:\Program Files (x86)\Brackets\command;C:\Program Files\nodejs;%AppData%\npm\node_modules;C:\Users\Camilo\AppData\Local\Microsoft\WindowsApps;C:\Users\Camilo\AppData\Roaming\npm;C:\Program Files\nodejs;C:\Users\Camilo\AppData\Roaming\npm\node_modules;C:\Program Files\Git\usr\bin\vendor_perl;C:\Program Files\Git\usr\bin\core_perl
10 verbose lifecycle KMTV@0.1.0~build: CWD: D:\Camilo\Git\myFullStack\jquery
11 silly lifecycle KMTV@0.1.0~build: Args: [ '/d /s /c',
11 silly lifecycle   'npm run public && npm run build-js && npm run copy-files' ]
12 silly lifecycle KMTV@0.1.0~build: Returned: code: 1  signal: null
13 info lifecycle KMTV@0.1.0~build: Failed to exec build script
14 verbose stack Error: KMTV@0.1.0 build: `npm run public && npm run build-js && npm run copy-files`
14 verbose stack Exit status 1
14 verbose stack     at EventEmitter.<anonymous> (C:\Users\Camilo\AppData\Roaming\npm\node_modules\npm\lib\utils\lifecycle.js:255:16)
14 verbose stack     at emitTwo (events.js:87:13)
14 verbose stack     at EventEmitter.emit (events.js:172:7)
14 verbose stack     at ChildProcess.<anonymous> (C:\Users\Camilo\AppData\Roaming\npm\node_modules\npm\lib\utils\spawn.js:40:14)
14 verbose stack     at emitTwo (events.js:87:13)
14 verbose stack     at ChildProcess.emit (events.js:172:7)
14 verbose stack     at maybeClose (internal/child_process.js:829:16)
14 verbose stack     at Process.ChildProcess._handle.onexit (internal/child_process.js:211:5)
15 verbose pkgid KMTV@0.1.0
16 verbose cwd D:\Camilo\Git\myFullStack\jquery
17 error Windows_NT 10.0.14393
18 error argv "C:\\Program Files\\nodejs\\node.exe" "C:\\Users\\Camilo\\AppData\\Roaming\\npm\\node_modules\\npm\\bin\\npm-cli.js" "run" "build"
19 error node v4.6.0
20 error npm  v3.10.8
21 error code ELIFECYCLE
22 error KMTV@0.1.0 build: `npm run public && npm run build-js && npm run copy-files`
22 error Exit status 1
23 error Failed at the KMTV@0.1.0 build script 'npm run public && npm run build-js && npm run copy-files'.
23 error Make sure you have the latest version of node.js and npm installed.
23 error If you do, this is most likely a problem with the KMTV package,
23 error not with npm itself.
23 error Tell the author that this fails on your system:
23 error     npm run public && npm run build-js && npm run copy-files
23 error You can get information on how to open an issue for this project with:
23 error     npm bugs KMTV
23 error Or if that isn't available, you can get their info via:
23 error     npm owner ls KMTV
23 error There is likely additional logging output above.
24 verbose exit [ 1, true ]
