0 info it worked if it ends with ok
1 verbose cli [ 'C:\\Program Files\\nodejs\\node.exe',
1 verbose cli   'C:\\Users\\Camilo\\AppData\\Roaming\\npm\\node_modules\\npm\\bin\\npm-cli.js',
1 verbose cli   'install',
1 verbose cli   '--save',
1 verbose cli   'jquery' ]
2 info using npm@3.10.8
3 info using node@v4.6.0
4 silly loadCurrentTree Starting
5 silly install loadCurrentTree
6 silly install readLocalPackageData
7 silly fetchPackageMetaData jquery
8 silly fetchDirectoryPackageData jquery
9 silly fetchPackageMetaData Error: Failed to parse json
9 silly fetchPackageMetaData Trailing comma in object at 5:1
9 silly fetchPackageMetaData }
9 silly fetchPackageMetaData ^
9 silly fetchPackageMetaData     at parseError (C:\Users\Camilo\AppData\Roaming\npm\node_modules\npm\node_modules\read-package-json\read-json.js:390:11)
9 silly fetchPackageMetaData     at parseJson (C:\Users\Camilo\AppData\Roaming\npm\node_modules\npm\node_modules\read-package-json\read-json.js:79:23)
9 silly fetchPackageMetaData     at C:\Users\Camilo\AppData\Roaming\npm\node_modules\npm\node_modules\read-package-json\read-json.js:48:5
9 silly fetchPackageMetaData     at C:\Users\Camilo\AppData\Roaming\npm\node_modules\npm\node_modules\graceful-fs\graceful-fs.js:78:16
9 silly fetchPackageMetaData     at FSReqWrap.readFileAfterClose [as oncomplete] (fs.js:380:3)
9 silly fetchPackageMetaData  error for jquery { [Error: Failed to parse json
9 silly fetchPackageMetaData Trailing comma in object at 5:1
9 silly fetchPackageMetaData }
9 silly fetchPackageMetaData ^]
9 silly fetchPackageMetaData   code: 'EJSONPARSE',
9 silly fetchPackageMetaData   file: 'D:\\Camilo\\Git\\myFullStack\\jquery\\package.json' }
10 silly rollbackFailedOptional Starting
11 silly rollbackFailedOptional Finishing
12 silly runTopLevelLifecycles Finishing
13 silly install printInstalled
14 verbose stack Error: Failed to parse json
14 verbose stack Trailing comma in object at 5:1
14 verbose stack }
14 verbose stack ^
14 verbose stack     at parseError (C:\Users\Camilo\AppData\Roaming\npm\node_modules\npm\node_modules\read-package-json\read-json.js:390:11)
14 verbose stack     at parseJson (C:\Users\Camilo\AppData\Roaming\npm\node_modules\npm\node_modules\read-package-json\read-json.js:79:23)
14 verbose stack     at C:\Users\Camilo\AppData\Roaming\npm\node_modules\npm\node_modules\read-package-json\read-json.js:48:5
14 verbose stack     at C:\Users\Camilo\AppData\Roaming\npm\node_modules\npm\node_modules\graceful-fs\graceful-fs.js:78:16
14 verbose stack     at FSReqWrap.readFileAfterClose [as oncomplete] (fs.js:380:3)
15 verbose cwd D:\Camilo\Git\myFullStack
16 error Windows_NT 10.0.14393
17 error argv "C:\\Program Files\\nodejs\\node.exe" "C:\\Users\\Camilo\\AppData\\Roaming\\npm\\node_modules\\npm\\bin\\npm-cli.js" "install" "--save" "jquery"
18 error node v4.6.0
19 error npm  v3.10.8
20 error file D:\Camilo\Git\myFullStack\jquery\package.json
21 error code EJSONPARSE
22 error Failed to parse json
22 error Trailing comma in object at 5:1
22 error }
22 error ^
23 error File: D:\Camilo\Git\myFullStack\jquery\package.json
24 error Failed to parse package.json data.
24 error package.json must be actual JSON, not just JavaScript.
24 error
24 error This is not a bug in npm.
24 error Tell the package author to fix their package.json file. JSON.parse
25 verbose exit [ 1, true ]
